-------------------------------------------------------------------------------
Test set: KinoAPI.JavaSecurityApiApplicationTests
-------------------------------------------------------------------------------
Tests run: 1, Failures: 0, Errors: 1, Skipped: 0, Time elapsed: 7.117 s <<< FAILURE! - in KinoAPI.JavaSecurityApiApplicationTests
contextLoads  Time elapsed: 0 s  <<< ERROR!
java.lang.IllegalStateException: Failed to load ApplicationContext for [WebMergedContextConfiguration@1ab780fd testClass = KinoAPI.JavaSecurityApiApplicationTests, locations = [], classes = [KinoAPI.JavaSecurityApiApplication], contextInitializerClasses = [], activeProfiles = [], propertySourceDescriptors = [], propertySourceProperties = ["org.springframework.boot.test.context.SpringBootTestContextBootstrapper=true"], contextCustomizers = [org.springframework.boot.test.context.filter.ExcludeFilterContextCustomizer@4803b726, org.springframework.boot.test.json.DuplicateJsonObjectContextCustomizerFactory$DuplicateJsonObjectContextCustomizer@3e11f9e9, org.springframework.boot.test.mock.mockito.MockitoContextCustomizer@0, org.springframework.boot.test.web.client.TestRestTemplateContextCustomizer@61001b64, org.springframework.boot.test.autoconfigure.actuate.observability.ObservabilityContextCustomizerFactory$DisableObservabilityContextCustomizer@1f, org.springframework.boot.test.autoconfigure.properties.PropertyMappingContextCustomizer@0, org.springframework.boot.test.autoconfigure.web.servlet.WebDriverContextCustomizer@70e9c95d, org.springframework.boot.test.context.SpringBootTestAnnotation@2ca1faa4], resourceBasePath = "src/main/webapp", contextLoader = org.springframework.boot.test.context.SpringBootContextLoader, parent = null]
Caused by: org.springframework.beans.factory.UnsatisfiedDependencyException: Error creating bean with name 'userWithRoleController' defined in file [C:\Users\SurfaceLaptop\Documents\GitHub\Kino_Backend_Real\target\classes\KinoAPI\security\api\UserWithRoleController.class]: Unsatisfied dependency expressed through constructor parameter 0: Error creating bean with name 'userWithRolesService': Invocation of init method failed
Caused by: org.springframework.beans.factory.BeanCreationException: Error creating bean with name 'userWithRolesService': Invocation of init method failed
Caused by: org.springframework.dao.InvalidDataAccessResourceUsageException: JDBC exception executing SQL [select r1_0.role_name,u1_0.role_role_name,u1_1.username,u1_1.created,u1_1.edited,u1_1.email,u1_1.enabled,u1_1.password from role r1_0 left join user_roles u1_0 on r1_0.role_name=u1_0.role_role_name left join user_with_roles u1_1 on u1_1.username=u1_0.user_username where r1_0.role_name=?] [Table 'kinodb.role' doesn't exist] [n/a]; SQL [n/a]
Caused by: org.hibernate.exception.SQLGrammarException: JDBC exception executing SQL [select r1_0.role_name,u1_0.role_role_name,u1_1.username,u1_1.created,u1_1.edited,u1_1.email,u1_1.enabled,u1_1.password from role r1_0 left join user_roles u1_0 on r1_0.role_name=u1_0.role_role_name left join user_with_roles u1_1 on u1_1.username=u1_0.user_username where r1_0.role_name=?] [Table 'kinodb.role' doesn't exist] [n/a]
Caused by: java.sql.SQLSyntaxErrorException: Table 'kinodb.role' doesn't exist

